Arguments: 
  C:\Program Files\nodejs\node.exe C:\Users\dilan\AppData\Roaming\npm\node_modules\yarn\bin\yarn.js start

PATH: 
  C:\Program Files (x86)\Common Files\Intel\Shared Libraries\redist\intel64\compiler;C:\Python39\Scripts\;C:\Python39\;C:\windows\system32;C:\windows;C:\windows\System32\Wbem;C:\windows\System32\WindowsPowerShell\v1.0\;C:\windows\System32\OpenSSH\;C:\Program Files (x86)\NVIDIA Corporation\PhysX\Common;C:\Program Files\NVIDIA Corporation\NVIDIA NvDLISR;C:\WINDOWS\system32;C:\WINDOWS;C:\WINDOWS\System32\Wbem;C:\WINDOWS\System32\WindowsPowerShell\v1.0\;C:\WINDOWS\System32\OpenSSH\;C:\Program Files\nodejs\;C:\ProgramData\chocolatey\bin;C:\Program Files\Git\cmd;C:\Program Files\Docker\Docker\resources\bin;C:\ProgramData\DockerDesktop\version-bin;C:\Program Files\dotnet\;C:\Program Files\Microsoft SQL Server\130\Tools\Binn\;C:\Program Files\Microsoft SQL Server\Client SDK\ODBC\170\Tools\Binn\;C:\Users\dilan\AppData\Local\Microsoft\WindowsApps;C:\Users\dilan\AppData\Roaming\npm;C:\flutter\bin;C:\Program Files\Java\jdk-16.0.1\bin;C:\Program Files (x86)\GitHub CLI\;C:\Users\dilan\.dotnet\tools

Yarn version: 
  1.22.10

Node version: 
  16.2.0

Platform: 
  win32 x64

Trace: 
  SyntaxError: C:\Users\dilan\RiderProjects\ConsolePokemonStyleFight\package.json: Unexpected token } in JSON at position 137
      at JSON.parse (<anonymous>)
      at C:\Users\dilan\AppData\Roaming\npm\node_modules\yarn\lib\cli.js:1625:59
      at Generator.next (<anonymous>)
      at step (C:\Users\dilan\AppData\Roaming\npm\node_modules\yarn\lib\cli.js:310:30)
      at C:\Users\dilan\AppData\Roaming\npm\node_modules\yarn\lib\cli.js:321:13

npm manifest: 
  {
    "scripts": {
      "build": "dotnet build",
      "start": "./ConsolePokemonStyleFight/bin/Debug/net5.0/ConsolePokemonStyleFight.exe",
    }
  }

yarn manifest: 
  No manifest

Lockfile: 
  No lockfile
